<?xml version="1.0" encoding="UTF-8"?>
<coverage generated="1575586777492" clover="3.2.0">
  <project timestamp="1575586777493" name="All files">
    <metrics statements="16" coveredstatements="15" conditionals="6" coveredconditionals="4" methods="2" coveredmethods="2" elements="24" coveredelements="21" complexity="0" loc="16" ncloc="16" packages="2" files="2" classes="2"/>
    <package name="array-binary">
      <metrics statements="9" coveredstatements="8" conditionals="4" coveredconditionals="2" methods="1" coveredmethods="1"/>
      <file name="array-binary.js" path="/Users/LifetimeOpt/alchemy/career-track/data-structures-and-algorithms/challenges/array-binary/array-binary.js">
        <metrics statements="9" coveredstatements="8" conditionals="4" coveredconditionals="2" methods="1" coveredmethods="1"/>
        <line num="1" count="1" type="stmt"/>
        <line num="2" count="1" type="stmt"/>
        <line num="3" count="1" type="stmt"/>
        <line num="4" count="3" type="stmt"/>
        <line num="6" count="3" type="cond" truecount="1" falsecount="1"/>
        <line num="7" count="3" type="cond" truecount="1" falsecount="1"/>
        <line num="8" count="0" type="stmt"/>
        <line num="9" count="3" type="stmt"/>
        <line num="11" count="1" type="stmt"/>
      </file>
    </package>
    <package name="array-shift">
      <metrics statements="7" coveredstatements="7" conditionals="2" coveredconditionals="2" methods="1" coveredmethods="1"/>
      <file name="array-shift.js" path="/Users/LifetimeOpt/alchemy/career-track/data-structures-and-algorithms/challenges/array-shift/array-shift.js">
        <metrics statements="7" coveredstatements="7" conditionals="2" coveredconditionals="2" methods="1" coveredmethods="1"/>
        <line num="1" count="1" type="stmt"/>
        <line num="2" count="2" type="stmt"/>
        <line num="3" count="16" type="cond" truecount="2" falsecount="0"/>
        <line num="4" count="2" type="stmt"/>
        <line num="6" count="1" type="stmt"/>
        <line num="7" count="1" type="stmt"/>
        <line num="9" count="1" type="stmt"/>
      </file>
    </package>
  </project>
</coverage>
