{"/Users/LifetimeOpt/alchemy/career-track/data-structures-and-algorithms/challenges/array-binary/array-binary.js": {"path":"/Users/LifetimeOpt/alchemy/career-track/data-structures-and-algorithms/challenges/array-binary/array-binary.js","statementMap":{"0":{"start":{"line":1,"column":0},"end":{"line":12,"column":2}},"1":{"start":{"line":2,"column":14},"end":{"line":2,"column":15}},"2":{"start":{"line":2,"column":23},"end":{"line":2,"column":37}},"3":{"start":{"line":3,"column":2},"end":{"line":10,"column":3}},"4":{"start":{"line":4,"column":14},"end":{"line":4,"column":31}},"5":{"start":{"line":6,"column":4},"end":{"line":9,"column":23}},"6":{"start":{"line":6,"column":24},"end":{"line":6,"column":37}},"7":{"start":{"line":7,"column":9},"end":{"line":9,"column":23}},"8":{"start":{"line":8,"column":6},"end":{"line":8,"column":22}},"9":{"start":{"line":9,"column":9},"end":{"line":9,"column":23}},"10":{"start":{"line":11,"column":2},"end":{"line":11,"column":12}}},"fnMap":{"0":{"name":"(anonymous_0)","decl":{"start":{"line":1,"column":17},"end":{"line":1,"column":18}},"loc":{"start":{"line":1,"column":29},"end":{"line":12,"column":1}},"line":1}},"branchMap":{"0":{"loc":{"start":{"line":6,"column":4},"end":{"line":9,"column":23}},"type":"if","locations":[{"start":{"line":6,"column":4},"end":{"line":9,"column":23}},{"start":{"line":6,"column":4},"end":{"line":9,"column":23}}],"line":6},"1":{"loc":{"start":{"line":7,"column":9},"end":{"line":9,"column":23}},"type":"if","locations":[{"start":{"line":7,"column":9},"end":{"line":9,"column":23}},{"start":{"line":7,"column":9},"end":{"line":9,"column":23}}],"line":7}},"s":{"0":1,"1":1,"2":1,"3":1,"4":3,"5":3,"6":0,"7":3,"8":0,"9":3,"10":1},"f":{"0":1},"b":{"0":[0,3],"1":[0,3]},"_coverageSchema":"43e27e138ebf9cfc5966b082cf9a028302ed4184","hash":"da4d083c9a158acd8ded6e4af3b9bcd6cb453c48"}
,"/Users/LifetimeOpt/alchemy/career-track/data-structures-and-algorithms/challenges/array-shift/array-shift.js": {"path":"/Users/LifetimeOpt/alchemy/career-track/data-structures-and-algorithms/challenges/array-shift/array-shift.js","statementMap":{"0":{"start":{"line":1,"column":25},"end":{"line":5,"column":1}},"1":{"start":{"line":2,"column":2},"end":{"line":3,"column":29}},"2":{"start":{"line":2,"column":14},"end":{"line":2,"column":15}},"3":{"start":{"line":3,"column":4},"end":{"line":3,"column":29}},"4":{"start":{"line":4,"column":2},"end":{"line":4,"column":19}},"5":{"start":{"line":6,"column":12},"end":{"line":6,"column":36}},"6":{"start":{"line":7,"column":0},"end":{"line":7,"column":22}},"7":{"start":{"line":9,"column":0},"end":{"line":11,"column":2}}},"fnMap":{"0":{"name":"(anonymous_0)","decl":{"start":{"line":1,"column":25},"end":{"line":1,"column":26}},"loc":{"start":{"line":1,"column":34},"end":{"line":5,"column":1}},"line":1}},"branchMap":{"0":{"loc":{"start":{"line":3,"column":13},"end":{"line":3,"column":28}},"type":"binary-expr","locations":[{"start":{"line":3,"column":13},"end":{"line":3,"column":23}},{"start":{"line":3,"column":27},"end":{"line":3,"column":28}}],"line":3}},"s":{"0":1,"1":2,"2":2,"3":16,"4":2,"5":1,"6":1,"7":1},"f":{"0":2},"b":{"0":[16,2]},"_coverageSchema":"43e27e138ebf9cfc5966b082cf9a028302ed4184","hash":"3d394839ecde2c3a7e798e0287d9a25a728b6a51"}
}
