TN:
SF:/Users/LifetimeOpt/alchemy/career-track/data-structures-and-algorithms/challenges/array-binary/array-binary.js
FN:2,(anonymous_0)
FNF:1
FNH:1
FNDA:2,(anonymous_0)
DA:2,1
DA:3,2
DA:4,2
DA:5,5
DA:7,5
DA:8,4
DA:9,3
DA:10,1
DA:12,1
DA:14,1
LF:10
LH:10
BRDA:7,0,0,1
BRDA:7,0,1,4
BRDA:8,1,0,3
BRDA:8,1,1,1
BRF:4
BRH:4
end_of_record
TN:
SF:/Users/LifetimeOpt/alchemy/career-track/data-structures-and-algorithms/challenges/array-shift/array-shift.js
FN:1,(anonymous_0)
FNF:1
FNH:1
FNDA:2,(anonymous_0)
DA:1,1
DA:2,2
DA:3,16
DA:4,2
DA:6,1
DA:7,1
DA:9,1
LF:7
LH:7
BRDA:3,0,0,16
BRDA:3,0,1,2
BRF:2
BRH:2
end_of_record
