TN:
SF:/Users/LifetimeOpt/alchemy/career-track/data-structures-and-algorithms/challenges/array-binary/array-binary.js
FN:2,(anonymous_0)
FNF:1
FNH:1
FNDA:2,(anonymous_0)
DA:2,1
DA:3,2
DA:4,2
DA:5,5
DA:7,5
DA:8,4
DA:9,3
DA:10,1
DA:12,1
DA:14,1
LF:10
LH:10
BRDA:7,0,0,1
BRDA:7,0,1,4
BRDA:8,1,0,3
BRDA:8,1,1,1
BRF:4
BRH:4
end_of_record
TN:
SF:/Users/LifetimeOpt/alchemy/career-track/data-structures-and-algorithms/challenges/array-shift/array-shift.js
FN:1,(anonymous_0)
FNF:1
FNH:1
FNDA:2,(anonymous_0)
DA:1,1
DA:2,2
DA:3,16
DA:4,2
DA:6,1
DA:7,1
DA:9,1
LF:7
LH:7
BRDA:3,0,0,16
BRDA:3,0,1,2
BRF:2
BRH:2
end_of_record
TN:
SF:/Users/LifetimeOpt/alchemy/career-track/data-structures-and-algorithms/challenges/linked-lists/linked-list.js
FN:2,(anonymous_0)
FN:9,(anonymous_1)
FN:12,(anonymous_2)
FN:17,(anonymous_3)
FN:28,(anonymous_4)
FN:42,(anonymous_5)
FN:51,(anonymous_6)
FN:65,(anonymous_7)
FN:74,(anonymous_8)
FN:81,(anonymous_9)
FNF:10
FNH:9
FNDA:31,(anonymous_0)
FNDA:10,(anonymous_1)
FNDA:27,(anonymous_2)
FNDA:4,(anonymous_3)
FNDA:4,(anonymous_4)
FNDA:1,(anonymous_5)
FNDA:1,(anonymous_6)
FNDA:1,(anonymous_7)
FNDA:1,(anonymous_8)
FNDA:0,(anonymous_9)
DA:3,31
DA:4,31
DA:10,10
DA:13,27
DA:14,27
DA:15,27
DA:18,4
DA:20,4
DA:21,9
DA:22,3
DA:24,6
DA:26,1
DA:29,4
DA:30,4
DA:32,4
DA:33,13
DA:34,9
DA:36,4
DA:38,13
DA:40,4
DA:43,1
DA:44,1
DA:46,1
DA:47,3
DA:49,1
DA:52,1
DA:54,1
DA:55,0
DA:56,0
DA:58,1
DA:59,1
DA:60,0
DA:62,1
DA:63,1
DA:66,1
DA:67,1
DA:68,1
DA:69,1
DA:71,1
DA:72,1
DA:75,1
DA:76,1
DA:77,0
DA:79,1
DA:82,0
DA:83,0
DA:85,0
DA:86,0
DA:89,0
DA:90,0
DA:91,0
DA:92,0
DA:93,0
DA:96,0
DA:97,0
DA:100,0
DA:101,0
DA:102,0
DA:104,0
DA:110,2
LF:60
LH:41
BRDA:21,0,0,3
BRDA:21,0,1,6
BRDA:33,1,0,9
BRDA:33,1,1,4
BRDA:54,2,0,0
BRDA:54,2,1,1
BRDA:82,3,0,0
BRDA:82,3,1,0
BRDA:85,4,0,0
BRDA:85,4,1,0
BRDA:96,5,0,0
BRDA:96,5,1,0
BRF:12
BRH:5
end_of_record
TN:
SF:/Users/LifetimeOpt/alchemy/career-track/data-structures-and-algorithms/challenges/ll-merge/ll-merge.js
FN:1,(anonymous_0)
FNF:1
FNH:1
FNDA:1,(anonymous_0)
DA:1,1
DA:3,1
DA:4,1
DA:6,1
DA:7,1
DA:8,0
DA:9,0
DA:11,1
DA:12,1
DA:14,1
DA:18,1
DA:20,1
LF:12
LH:10
BRDA:6,0,0,2
BRDA:6,0,1,1
BRDA:7,1,0,0
BRDA:7,1,1,1
BRDA:18,2,0,1
BRDA:18,2,1,1
BRF:6
BRH:5
end_of_record
